<?xml version="1.0" encoding="UTF-8"?>
<testng-results skipped="0" failed="0" total="14" passed="14">
  <reporter-output>
  </reporter-output>
  <suite name="TheranosTestSuite" duration-ms="864965" started-at="2014-04-21T14:14:56Z" finished-at="2014-04-21T14:29:21Z">
    <groups>
    </groups>
    <test name="Login Test" duration-ms="43952" started-at="2014-04-21T14:14:56Z" finished-at="2014-04-21T14:15:40Z">
      <class name="com.theranos.test.theranosios.LoginTest">
        <test-method status="PASS" signature="setEnv()[pri:0, instance:com.theranos.test.theranosios.LoginTest@97494c8]" name="setEnv" is-config="true" duration-ms="1" started-at="2014-04-21T07:14:56Z" finished-at="2014-04-21T07:14:56Z">
          <reporter-output>
          </reporter-output>
        </test-method> <!-- setEnv -->
        <test-method status="PASS" signature="getTestData(java.util.Map)[pri:0, instance:com.theranos.test.theranosios.LoginTest@97494c8]" name="getTestData" duration-ms="31" started-at="2014-04-21T07:14:56Z" data-provider="testdata" finished-at="2014-04-21T07:14:56Z">
          <params>
            <param index="0">
              <value>
                <![CDATA[{}]]>
              </value>
            </param>
          </params>
          <reporter-output>
          </reporter-output>
        </test-method> <!-- getTestData -->
        <test-method status="PASS" signature="logInOption()[pri:0, instance:com.theranos.test.theranosios.LoginTest@97494c8]" name="logInOption" duration-ms="14416" started-at="2014-04-21T07:14:56Z" finished-at="2014-04-21T07:15:11Z">
          <reporter-output>
          </reporter-output>
        </test-method> <!-- logInOption -->
        <test-method status="PASS" signature="testLoginpage()[pri:0, instance:com.theranos.test.theranosios.LoginTest@97494c8]" name="testLoginpage" duration-ms="29493" started-at="2014-04-21T07:15:11Z" depends-on-methods="com.theranos.test.theranosios.LoginTest.getTestData, com.theranos.test.theranosios.LoginTest.logInOption" finished-at="2014-04-21T07:15:40Z">
          <reporter-output>
          </reporter-output>
        </test-method> <!-- testLoginpage -->
        <test-method status="PASS" signature="afterTest()[pri:0, instance:com.theranos.test.theranosios.LoginTest@97494c8]" name="afterTest" is-config="true" duration-ms="0" started-at="2014-04-21T07:15:40Z" finished-at="2014-04-21T07:15:40Z">
          <reporter-output>
          </reporter-output>
        </test-method> <!-- afterTest -->
      </class> <!-- com.theranos.test.theranosios.LoginTest -->
      <class name="com.theranos.test.theranosios.base.SetUpTest">
        <test-method status="PASS" signature="getLogLocation(java.lang.String)[pri:0, instance:com.theranos.test.theranosios.base.SetUpTest@39e57e8f]" name="getLogLocation" duration-ms="1" started-at="2014-04-21T07:14:56Z" finished-at="2014-04-21T07:14:56Z">
          <params>
            <param index="0">
              <value>
                <![CDATA[theranostests]]>
              </value>
            </param>
          </params>
          <reporter-output>
          </reporter-output>
        </test-method> <!-- getLogLocation -->
      </class> <!-- com.theranos.test.theranosios.base.SetUpTest -->
    </test> <!-- Login Test -->
    <test name="Menu Test" duration-ms="12207" started-at="2014-04-21T14:15:40Z" finished-at="2014-04-21T14:15:52Z">
      <class name="com.theranos.test.theranosios.MenuTest">
        <test-method status="PASS" signature="setEnv()[pri:0, instance:com.theranos.test.theranosios.MenuTest@651dba45]" name="setEnv" is-config="true" duration-ms="0" started-at="2014-04-21T07:15:40Z" finished-at="2014-04-21T07:15:40Z">
          <reporter-output>
          </reporter-output>
        </test-method> <!-- setEnv -->
        <test-method status="PASS" signature="openMenu()[pri:0, instance:com.theranos.test.theranosios.MenuTest@651dba45]" name="openMenu" is-config="true" duration-ms="7674" started-at="2014-04-21T07:15:40Z" finished-at="2014-04-21T07:15:48Z">
          <reporter-output>
          </reporter-output>
        </test-method> <!-- openMenu -->
        <test-method status="PASS" signature="openProfile()[pri:0, instance:com.theranos.test.theranosios.MenuTest@651dba45]" name="openProfile" duration-ms="4531" started-at="2014-04-21T07:15:48Z" finished-at="2014-04-21T07:15:52Z">
          <reporter-output>
          </reporter-output>
        </test-method> <!-- openProfile -->
        <test-method status="PASS" signature="afterTest()[pri:0, instance:com.theranos.test.theranosios.MenuTest@651dba45]" name="afterTest" is-config="true" duration-ms="1" started-at="2014-04-21T07:15:52Z" finished-at="2014-04-21T07:15:52Z">
          <reporter-output>
          </reporter-output>
        </test-method> <!-- afterTest -->
      </class> <!-- com.theranos.test.theranosios.MenuTest -->
    </test> <!-- Menu Test -->
    <test name="Basic Info Test" duration-ms="275787" started-at="2014-04-21T14:15:52Z" finished-at="2014-04-21T14:20:28Z">
      <class name="com.theranos.test.theranosios.MenuTest">
        <test-method status="PASS" signature="setEnv()[pri:0, instance:com.theranos.test.theranosios.MenuTest@5954864a]" name="setEnv" is-config="true" duration-ms="1" started-at="2014-04-21T07:15:52Z" finished-at="2014-04-21T07:15:52Z">
          <reporter-output>
          </reporter-output>
        </test-method> <!-- setEnv -->
        <test-method status="PASS" signature="openMenu()[pri:0, instance:com.theranos.test.theranosios.MenuTest@5954864a]" name="openMenu" is-config="true" duration-ms="10083" started-at="2014-04-21T07:15:52Z" finished-at="2014-04-21T07:16:02Z">
          <reporter-output>
          </reporter-output>
        </test-method> <!-- openMenu -->
        <test-method status="PASS" signature="openHome()[pri:0, instance:com.theranos.test.theranosios.MenuTest@5954864a]" name="openHome" duration-ms="4411" started-at="2014-04-21T07:16:02Z" finished-at="2014-04-21T07:16:07Z">
          <reporter-output>
          </reporter-output>
        </test-method> <!-- openHome -->
        <test-method status="PASS" signature="openMenu()[pri:0, instance:com.theranos.test.theranosios.MenuTest@5954864a]" name="openMenu" is-config="true" duration-ms="10194" started-at="2014-04-21T07:16:07Z" finished-at="2014-04-21T07:16:17Z">
          <reporter-output>
          </reporter-output>
        </test-method> <!-- openMenu -->
        <test-method status="PASS" signature="openProfile()[pri:0, instance:com.theranos.test.theranosios.MenuTest@5954864a]" name="openProfile" duration-ms="4316" started-at="2014-04-21T07:16:17Z" finished-at="2014-04-21T07:16:21Z">
          <reporter-output>
          </reporter-output>
        </test-method> <!-- openProfile -->
        <test-method status="PASS" signature="afterTest()[pri:0, instance:com.theranos.test.theranosios.MenuTest@5954864a]" name="afterTest" is-config="true" duration-ms="1" started-at="2014-04-21T07:16:21Z" finished-at="2014-04-21T07:16:21Z">
          <reporter-output>
          </reporter-output>
        </test-method> <!-- afterTest -->
      </class> <!-- com.theranos.test.theranosios.MenuTest -->
      <class name="com.theranos.test.theranosios.BasicInfoTest">
        <test-method status="PASS" signature="getOs(java.lang.String)[pri:0, instance:com.theranos.test.theranosios.BasicInfoTest@7d742700]" name="getOs" is-config="true" duration-ms="1" started-at="2014-04-21T07:16:21Z" finished-at="2014-04-21T07:16:21Z">
          <params>
            <param index="0">
              <value>
                <![CDATA[ios]]>
              </value>
            </param>
          </params>
          <reporter-output>
          </reporter-output>
        </test-method> <!-- getOs -->
        <test-method status="PASS" signature="setEnv()[pri:0, instance:com.theranos.test.theranosios.BasicInfoTest@7d742700]" name="setEnv" is-config="true" duration-ms="0" started-at="2014-04-21T07:16:21Z" finished-at="2014-04-21T07:16:21Z">
          <reporter-output>
          </reporter-output>
        </test-method> <!-- setEnv -->
        <test-method status="PASS" signature="openBasicInfo()[pri:0, instance:com.theranos.test.theranosios.BasicInfoTest@7d742700]" name="openBasicInfo" duration-ms="14670" started-at="2014-04-21T07:16:21Z" finished-at="2014-04-21T07:16:36Z">
          <reporter-output>
          </reporter-output>
        </test-method> <!-- openBasicInfo -->
        <test-method status="PASS" signature="getTestData(java.util.Map)[pri:0, instance:com.theranos.test.theranosios.BasicInfoTest@7d742700]" name="getTestData" duration-ms="20" started-at="2014-04-21T07:16:36Z" data-provider="testdata" finished-at="2014-04-21T07:16:36Z">
          <params>
            <param index="0">
              <value>
                <![CDATA[{}]]>
              </value>
            </param>
          </params>
          <reporter-output>
          </reporter-output>
        </test-method> <!-- getTestData -->
        <test-method status="PASS" signature="provideBasicInfo()[pri:0, instance:com.theranos.test.theranosios.BasicInfoTest@7d742700]" name="provideBasicInfo" duration-ms="229825" started-at="2014-04-21T07:16:36Z" depends-on-methods="com.theranos.test.theranosios.BasicInfoTest.openBasicInfo" finished-at="2014-04-21T07:20:26Z">
          <reporter-output>
          </reporter-output>
        </test-method> <!-- provideBasicInfo -->
        <test-method status="PASS" signature="afterTest()[pri:0, instance:com.theranos.test.theranosios.BasicInfoTest@7d742700]" name="afterTest" is-config="true" duration-ms="2261" started-at="2014-04-21T07:20:26Z" finished-at="2014-04-21T07:20:28Z">
          <reporter-output>
          </reporter-output>
        </test-method> <!-- afterTest -->
      </class> <!-- com.theranos.test.theranosios.BasicInfoTest -->
    </test> <!-- Basic Info Test -->
    <test name="Insurance" duration-ms="532997" started-at="2014-04-21T14:20:28Z" finished-at="2014-04-21T14:29:21Z">
      <class name="com.theranos.test.theranosios.InsuranceTest">
        <test-method status="PASS" signature="getOS(java.lang.String)[pri:0, instance:com.theranos.test.theranosios.InsuranceTest@5982bcde]" name="getOS" is-config="true" duration-ms="0" started-at="2014-04-21T07:20:28Z" finished-at="2014-04-21T07:20:28Z">
          <params>
            <param index="0">
              <value>
                <![CDATA[ios]]>
              </value>
            </param>
          </params>
          <reporter-output>
          </reporter-output>
        </test-method> <!-- getOS -->
        <test-method status="PASS" signature="setEnv()[pri:0, instance:com.theranos.test.theranosios.InsuranceTest@5982bcde]" name="setEnv" is-config="true" duration-ms="1" started-at="2014-04-21T07:20:28Z" finished-at="2014-04-21T07:20:28Z">
          <reporter-output>
          </reporter-output>
        </test-method> <!-- setEnv -->
        <test-method status="PASS" signature="openInsurancePage()[pri:0, instance:com.theranos.test.theranosios.InsuranceTest@5982bcde]" name="openInsurancePage" is-config="true" duration-ms="14725" started-at="2014-04-21T07:20:28Z" finished-at="2014-04-21T07:20:43Z">
          <reporter-output>
          </reporter-output>
        </test-method> <!-- openInsurancePage -->
        <test-method status="PASS" signature="addNewInsurance()[pri:0, instance:com.theranos.test.theranosios.InsuranceTest@5982bcde]" name="addNewInsurance" duration-ms="25606" started-at="2014-04-21T07:20:43Z" finished-at="2014-04-21T07:21:08Z">
          <reporter-output>
          </reporter-output>
        </test-method> <!-- addNewInsurance -->
        <test-method status="PASS" signature="openInsurancePage()[pri:0, instance:com.theranos.test.theranosios.InsuranceTest@5982bcde]" name="openInsurancePage" is-config="true" duration-ms="11137" started-at="2014-04-21T07:21:08Z" finished-at="2014-04-21T07:21:20Z">
          <reporter-output>
          </reporter-output>
        </test-method> <!-- openInsurancePage -->
        <test-method status="PASS" signature="getTestData(java.util.Map)[pri:0, instance:com.theranos.test.theranosios.InsuranceTest@5982bcde]" name="getTestData" duration-ms="24" started-at="2014-04-21T07:21:20Z" data-provider="testdata" finished-at="2014-04-21T07:21:20Z">
          <params>
            <param index="0">
              <value>
                <![CDATA[{}]]>
              </value>
            </param>
          </params>
          <reporter-output>
          </reporter-output>
        </test-method> <!-- getTestData -->
        <test-method status="PASS" signature="openInsurancePage()[pri:0, instance:com.theranos.test.theranosios.InsuranceTest@5982bcde]" name="openInsurancePage" is-config="true" duration-ms="10334" started-at="2014-04-21T07:21:20Z" finished-at="2014-04-21T07:21:30Z">
          <reporter-output>
          </reporter-output>
        </test-method> <!-- openInsurancePage -->
        <test-method status="PASS" signature="addInsuranceInfo()[pri:0, instance:com.theranos.test.theranosios.InsuranceTest@5982bcde]" name="addInsuranceInfo" duration-ms="20706" started-at="2014-04-21T07:21:30Z" depends-on-methods="com.theranos.test.theranosios.InsuranceTest.addNewInsurance" finished-at="2014-04-21T07:21:51Z">
          <reporter-output>
          </reporter-output>
        </test-method> <!-- addInsuranceInfo -->
        <test-method status="PASS" signature="openInsurancePage()[pri:0, instance:com.theranos.test.theranosios.InsuranceTest@5982bcde]" name="openInsurancePage" is-config="true" duration-ms="36622" started-at="2014-04-21T07:21:51Z" finished-at="2014-04-21T07:22:27Z">
          <reporter-output>
          </reporter-output>
        </test-method> <!-- openInsurancePage -->
        <test-method status="PASS" signature="enterInsuranceInfo()[pri:0, instance:com.theranos.test.theranosios.InsuranceTest@5982bcde]" name="enterInsuranceInfo" duration-ms="411579" started-at="2014-04-21T07:22:27Z" depends-on-methods="com.theranos.test.theranosios.InsuranceTest.addInsuranceInfo" finished-at="2014-04-21T07:29:19Z">
          <reporter-output>
          </reporter-output>
        </test-method> <!-- enterInsuranceInfo -->
        <test-method status="PASS" signature="afterTest()[pri:0, instance:com.theranos.test.theranosios.InsuranceTest@5982bcde]" name="afterTest" is-config="true" duration-ms="2260" started-at="2014-04-21T07:29:19Z" finished-at="2014-04-21T07:29:21Z">
          <reporter-output>
          </reporter-output>
        </test-method> <!-- afterTest -->
      </class> <!-- com.theranos.test.theranosios.InsuranceTest -->
      <class name="com.theranos.test.theranosios.base.SetUpTest">
        <test-method status="PASS" signature="getDevice(java.lang.String)[pri:0, instance:com.theranos.test.theranosios.base.SetUpTest@39e57e8f]" name="getDevice" is-config="true" duration-ms="9" started-at="2014-04-21T07:14:26Z" finished-at="2014-04-21T07:14:26Z">
          <params>
            <param index="0">
              <value>
                <![CDATA[ios]]>
              </value>
            </param>
          </params>
          <reporter-output>
          </reporter-output>
        </test-method> <!-- getDevice -->
        <test-method status="PASS" signature="environmentSetUp()[pri:0, instance:com.theranos.test.theranosios.base.SetUpTest@39e57e8f]" name="environmentSetUp" is-config="true" duration-ms="30123" started-at="2014-04-21T07:14:26Z" depends-on-methods="com.theranos.test.theranosios.base.SetUpTest.getDevice" finished-at="2014-04-21T07:14:56Z">
          <reporter-output>
          </reporter-output>
        </test-method> <!-- environmentSetUp -->
        <test-method status="PASS" signature="readTestSuite()[pri:0, instance:com.theranos.test.theranosios.base.TestRunner@64633e5e]" name="readTestSuite" is-config="true" duration-ms="225" started-at="2014-04-21T07:14:56Z" finished-at="2014-04-21T07:14:56Z">
          <reporter-output>
          </reporter-output>
        </test-method> <!-- readTestSuite -->
        <test-method status="PASS" signature="readAllTestCases()[pri:0, instance:com.theranos.test.theranosios.base.TestRunner@64633e5e]" name="readAllTestCases" is-config="true" duration-ms="28" started-at="2014-04-21T07:14:56Z" depends-on-methods="com.theranos.test.theranosios.base.TestRunner.readTestSuite" finished-at="2014-04-21T07:14:56Z">
          <reporter-output>
          </reporter-output>
        </test-method> <!-- readAllTestCases -->
        <test-method status="PASS" signature="tearDown()[pri:0, instance:com.theranos.test.theranosios.base.SetUpTest@39e57e8f]" name="tearDown" is-config="true" duration-ms="1050" started-at="2014-04-21T07:29:21Z" finished-at="2014-04-21T07:29:22Z">
          <reporter-output>
          </reporter-output>
        </test-method> <!-- tearDown -->
      </class> <!-- com.theranos.test.theranosios.base.SetUpTest -->
    </test> <!-- Insurance -->
  </suite> <!-- TheranosTestSuite -->
</testng-results>
