<?xml version="1.0" encoding="UTF-8"?>
<testsuite name="TestSuite" time="226.573" tests="19" errors="0" skipped="0" failures="1">
  <properties>
[...]
</properties>
  <testcase name="getLogLocation" classname="com.theranos.test.theranosios.base.SetUpTest" time="0.001"/>
  <testcase name="getTestData" classname="com.theranos.test.theranosios.LoginTest" time="0.043"/>
  <testcase name="logInOption" classname="com.theranos.test.theranosios.LoginTest" time="13.541"/>
  <testcase name="testLoginpage" classname="com.theranos.test.theranosios.LoginTest" time="30.163"/>
  <testcase name="openAbout" classname="com.theranos.test.theranosios.MenuTest" time="0"/>
  <testcase name="openAppointments" classname="com.theranos.test.theranosios.MenuTest" time="4.537"/>
  <testcase name="openHome" classname="com.theranos.test.theranosios.MenuTest" time="4.517"/>
  <testcase name="openLabOrders" classname="com.theranos.test.theranosios.MenuTest" time="4.515"/>
  <testcase name="openLocations" classname="com.theranos.test.theranosios.MenuTest" time="4.514"/>
  <testcase name="openProfile" classname="com.theranos.test.theranosios.MenuTest" time="4.522"/>
  <testcase name="openResults" classname="com.theranos.test.theranosios.MenuTest" time="4.578"/>
  <testcase name="openSettings" classname="com.theranos.test.theranosios.MenuTest" time="4.518"/>
  <testcase name="openHome" classname="com.theranos.test.theranosios.MenuTest" time="4.579"/>
  <testcase name="openProfile" classname="com.theranos.test.theranosios.MenuTest" time="4.521"/>
  <testcase name="openBasicInfo" classname="com.theranos.test.theranosios.BasicInfoTest" time="15.1"/>
  <testcase name="getTestData" classname="com.theranos.test.theranosios.BasicInfoTest" time="0.021"/>
  <testcase name="provideBasicInfo" classname="com.theranos.test.theranosios.BasicInfoTest" time="110.341">
    <failure message="Index: 18, Size: 17" type="java.lang.IndexOutOfBoundsException">java.lang.IndexOutOfBoundsException: Index: 18, Size: 17
	at java.util.ArrayList.RangeCheck(ArrayList.java:547)
	at java.util.ArrayList.get(ArrayList.java:322)
	at com.theranos.test.theranosios.BasicInfoTest.checkForBillingAddress(BasicInfoTest.java:517)
	at com.theranos.test.theranosios.BasicInfoTest.provideBasicInfo(BasicInfoTest.java:154)
</failure>
    <system-out>Providing Basic info of user :
Value of the total records in excel sheet  
56
========================Getting data to provide to application===============================
TC3
yes
Alpha
November
Oscar
27/02/1990
Female
Mobile Phone
1111 Health Ave.
Test St.
San Jose
Wyoming
no
1278 different St.
B4567
Sunnyvale
Oregon
=========================Got all the test data to process=================================

 Tap on Edit option--------------
Trying first time
Completed editing, now stating to provide data

 First Name of User: -----------------------
Providing the data to field  : Alpha
Clearing the test field
Waiting for 3 seconds before clearing the data
waiting for 3 seconds
providing data on textfield
waiting for 3 seconds

 Middle Name of User:-----------------------
Providing the data to field  : November
Clearing the test field
Waiting for 3 seconds before clearing the data
waiting for 3 seconds
providing data on textfield
waiting for 3 seconds

 Last Name of User:--------------------------
Providing the data to field  : Oscar
Clearing the test field
Waiting for 3 seconds before clearing the data
waiting for 3 seconds
providing data on textfield
waiting for 3 seconds

 Date of Birth of User:-------------------------
Date of Birth of user :  27/02/1990
Verifying the Cancel button
Tapping on Cancel
Waiting for 2 seconds before providing the data
Patient Date Of Birth of the Theranos user
Providing year of DOB :  1990
Providing Day of DOB   :  02
Not able to locate the element using pickwheel and sendkey
Ignoring this field
>>>>>>>>>>>>>>>>>>>>>>>>>>>>>>>>>>>Hiding the Exception message here >>>>>>>>>>>>>>>>>>>>>>>>>>>>>>>>>>>>>>>>>>>>>>>>>>>>>>> 

pop-up message apears on device :  No Alert Found

Gender of User: ------
Waiting for 3 seconds
Gender of User  : Female
Waiting for 3 seconds
Found the gender option to select
waiting for 3 seconds

Phone Number of User: -----------
Providing the data to field  : Mobile Phone
Clearing the test field
Waiting for 3 seconds before clearing the data
waiting for 3 seconds
providing data on textfield
Got exception while writing the data in text field
Ignoring this field

>>>>>>>>>>>>>>>>>>>>>>>>>>>>>>>>>>>>>>>>>>>Hiding the Exception message here >>>>>>>>>>>>>>>>>>>>>>>>>>>>>>>>>>>>>>>>>>>>>>>>>>>>>>> 


 Mailing Street Address 1 of the User: ------------------------------
Providing the data to field  : no
Clearing the test field
Waiting for 3 seconds before clearing the data
waiting for 3 seconds
providing data on textfield
waiting for 3 seconds

 Mailing Street Address 2 for the User: ----------------------------
Providing the data to field  : 1278 different St.
Clearing the test field
Waiting for 3 seconds before clearing the data
waiting for 3 seconds
providing data on textfield
waiting for 3 seconds

 Mailing City of the User: ---------------------------------
Providing the data to field  : B4567
Clearing the test field
Waiting for 3 seconds before clearing the data
waiting for 3 seconds
providing data on textfield
waiting for 3 seconds

 Mailing State of the User: ---------------------------------
State of user :  Oregon
Verifying the Cancel button
Tapping on Cancel
Waiting for 2 seconds before providing the data
Providing the state name

 Mailing Zip Code of the User: ------------------------------
Providing the data to field  : Oregon
Clearing the test field
Waiting for 3 seconds before clearing the data
waiting for 3 seconds
providing data on textfield
Got exception while writing the data in text field
Ignoring this field

>>>>>>>>>>>>>>>>>>>>>>>>>>>>>>>>>>>>>>>>>>>Hiding the Exception message here >>>>>>>>>>>>>>>>>>>>>>>>>>>>>>>>>>>>>>>>>>>>>>>>>>>>>>> 


 Checking if user want to have the same billing address as mailing address------------------
</system-out>
  </testcase>
  <testcase name="getTestData" classname="com.theranos.test.theranosios.InsuranceTest" time="0.018"/>
  <testcase name="openInsurancePage" classname="com.theranos.test.theranosios.InsuranceTest" time="16.544"/>
</testsuite>