<?xml version="1.0" encoding="UTF-8"?>
<testng-results skipped="0" failed="1" total="19" passed="18">
  <reporter-output>
  </reporter-output>
  <suite name="TheranosTestSuite" duration-ms="347701" started-at="2014-04-18T22:00:12Z" finished-at="2014-04-18T22:05:59Z">
    <groups>
    </groups>
    <test name="Login Test" duration-ms="43763" started-at="2014-04-18T22:00:12Z" finished-at="2014-04-18T22:00:55Z">
      <class name="com.theranos.test.theranosios.LoginTest">
        <test-method status="PASS" signature="setEnv()[pri:0, instance:com.theranos.test.theranosios.LoginTest@39e57e8f]" name="setEnv" is-config="true" duration-ms="1" started-at="2014-04-18T15:00:12Z" finished-at="2014-04-18T15:00:12Z">
          <reporter-output>
          </reporter-output>
        </test-method> <!-- setEnv -->
        <test-method status="PASS" signature="getTestData(java.util.Map)[pri:0, instance:com.theranos.test.theranosios.LoginTest@39e57e8f]" name="getTestData" duration-ms="43" started-at="2014-04-18T15:00:12Z" data-provider="testdata" finished-at="2014-04-18T15:00:12Z">
          <params>
            <param index="0">
              <value>
                <![CDATA[{}]]>
              </value>
            </param>
          </params>
          <reporter-output>
          </reporter-output>
        </test-method> <!-- getTestData -->
        <test-method status="PASS" signature="logInOption()[pri:0, instance:com.theranos.test.theranosios.LoginTest@39e57e8f]" name="logInOption" duration-ms="13541" started-at="2014-04-18T15:00:12Z" finished-at="2014-04-18T15:00:25Z">
          <reporter-output>
          </reporter-output>
        </test-method> <!-- logInOption -->
        <test-method status="PASS" signature="testLoginpage()[pri:0, instance:com.theranos.test.theranosios.LoginTest@39e57e8f]" name="testLoginpage" duration-ms="30163" started-at="2014-04-18T15:00:25Z" depends-on-methods="com.theranos.test.theranosios.LoginTest.getTestData, com.theranos.test.theranosios.LoginTest.logInOption" finished-at="2014-04-18T15:00:55Z">
          <reporter-output>
          </reporter-output>
        </test-method> <!-- testLoginpage -->
        <test-method status="PASS" signature="afterTest()[pri:0, instance:com.theranos.test.theranosios.LoginTest@39e57e8f]" name="afterTest" is-config="true" duration-ms="0" started-at="2014-04-18T15:00:55Z" finished-at="2014-04-18T15:00:55Z">
          <reporter-output>
          </reporter-output>
        </test-method> <!-- afterTest -->
      </class> <!-- com.theranos.test.theranosios.LoginTest -->
      <class name="com.theranos.test.theranosios.base.SetUpTest">
        <test-method status="PASS" signature="getLogLocation(java.lang.String)[pri:0, instance:com.theranos.test.theranosios.base.SetUpTest@2e273686]" name="getLogLocation" duration-ms="1" started-at="2014-04-18T15:00:12Z" finished-at="2014-04-18T15:00:12Z">
          <params>
            <param index="0">
              <value>
                <![CDATA[theranostests]]>
              </value>
            </param>
          </params>
          <reporter-output>
          </reporter-output>
        </test-method> <!-- getLogLocation -->
      </class> <!-- com.theranos.test.theranosios.base.SetUpTest -->
    </test> <!-- Login Test -->
    <test name="Menu Test" duration-ms="126942" started-at="2014-04-18T22:00:55Z" finished-at="2014-04-18T22:03:02Z">
      <class name="com.theranos.test.theranosios.MenuTest">
        <test-method status="PASS" signature="setEnv()[pri:0, instance:com.theranos.test.theranosios.MenuTest@5e0feb48]" name="setEnv" is-config="true" duration-ms="0" started-at="2014-04-18T15:00:55Z" finished-at="2014-04-18T15:00:55Z">
          <reporter-output>
          </reporter-output>
        </test-method> <!-- setEnv -->
        <test-method status="PASS" signature="openMenu()[pri:0, instance:com.theranos.test.theranosios.MenuTest@5e0feb48]" name="openMenu" is-config="true" duration-ms="7945" started-at="2014-04-18T15:00:55Z" finished-at="2014-04-18T15:01:03Z">
          <reporter-output>
          </reporter-output>
        </test-method> <!-- openMenu -->
        <test-method status="PASS" signature="openAbout(java.lang.String)[pri:0, instance:com.theranos.test.theranosios.MenuTest@5e0feb48]" name="openAbout" duration-ms="1" started-at="2014-04-18T15:01:03Z" finished-at="2014-04-18T15:01:03Z">
          <params>
            <param index="0">
              <value>
                <![CDATA[ios]]>
              </value>
            </param>
          </params>
          <reporter-output>
          </reporter-output>
        </test-method> <!-- openAbout -->
        <test-method status="PASS" signature="openMenu()[pri:0, instance:com.theranos.test.theranosios.MenuTest@5e0feb48]" name="openMenu" is-config="true" duration-ms="24667" started-at="2014-04-18T15:01:03Z" finished-at="2014-04-18T15:01:28Z">
          <reporter-output>
          </reporter-output>
        </test-method> <!-- openMenu -->
        <test-method status="PASS" signature="openAppointments()[pri:0, instance:com.theranos.test.theranosios.MenuTest@5e0feb48]" name="openAppointments" duration-ms="4537" started-at="2014-04-18T15:01:28Z" finished-at="2014-04-18T15:01:32Z">
          <reporter-output>
          </reporter-output>
        </test-method> <!-- openAppointments -->
        <test-method status="PASS" signature="openMenu()[pri:0, instance:com.theranos.test.theranosios.MenuTest@5e0feb48]" name="openMenu" is-config="true" duration-ms="10246" started-at="2014-04-18T15:01:32Z" finished-at="2014-04-18T15:01:43Z">
          <reporter-output>
          </reporter-output>
        </test-method> <!-- openMenu -->
        <test-method status="PASS" signature="openHome()[pri:0, instance:com.theranos.test.theranosios.MenuTest@5e0feb48]" name="openHome" duration-ms="4517" started-at="2014-04-18T15:01:43Z" finished-at="2014-04-18T15:01:47Z">
          <reporter-output>
          </reporter-output>
        </test-method> <!-- openHome -->
        <test-method status="PASS" signature="openMenu()[pri:0, instance:com.theranos.test.theranosios.MenuTest@5e0feb48]" name="openMenu" is-config="true" duration-ms="10371" started-at="2014-04-18T15:01:47Z" finished-at="2014-04-18T15:01:58Z">
          <reporter-output>
          </reporter-output>
        </test-method> <!-- openMenu -->
        <test-method status="PASS" signature="openLabOrders()[pri:0, instance:com.theranos.test.theranosios.MenuTest@5e0feb48]" name="openLabOrders" duration-ms="4514" started-at="2014-04-18T15:01:58Z" finished-at="2014-04-18T15:02:02Z">
          <reporter-output>
          </reporter-output>
        </test-method> <!-- openLabOrders -->
        <test-method status="PASS" signature="openMenu()[pri:0, instance:com.theranos.test.theranosios.MenuTest@5e0feb48]" name="openMenu" is-config="true" duration-ms="10680" started-at="2014-04-18T15:02:02Z" finished-at="2014-04-18T15:02:13Z">
          <reporter-output>
          </reporter-output>
        </test-method> <!-- openMenu -->
        <test-method status="PASS" signature="openLocations()[pri:0, instance:com.theranos.test.theranosios.MenuTest@5e0feb48]" name="openLocations" duration-ms="4514" started-at="2014-04-18T15:02:13Z" finished-at="2014-04-18T15:02:17Z">
          <reporter-output>
          </reporter-output>
        </test-method> <!-- openLocations -->
        <test-method status="PASS" signature="openMenu()[pri:0, instance:com.theranos.test.theranosios.MenuTest@5e0feb48]" name="openMenu" is-config="true" duration-ms="10282" started-at="2014-04-18T15:02:17Z" finished-at="2014-04-18T15:02:28Z">
          <reporter-output>
          </reporter-output>
        </test-method> <!-- openMenu -->
        <test-method status="PASS" signature="openProfile()[pri:0, instance:com.theranos.test.theranosios.MenuTest@5e0feb48]" name="openProfile" duration-ms="4521" started-at="2014-04-18T15:02:28Z" finished-at="2014-04-18T15:02:32Z">
          <reporter-output>
          </reporter-output>
        </test-method> <!-- openProfile -->
        <test-method status="PASS" signature="openMenu()[pri:0, instance:com.theranos.test.theranosios.MenuTest@5e0feb48]" name="openMenu" is-config="true" duration-ms="10424" started-at="2014-04-18T15:02:32Z" finished-at="2014-04-18T15:02:43Z">
          <reporter-output>
          </reporter-output>
        </test-method> <!-- openMenu -->
        <test-method status="PASS" signature="openResults()[pri:0, instance:com.theranos.test.theranosios.MenuTest@5e0feb48]" name="openResults" duration-ms="4577" started-at="2014-04-18T15:02:43Z" finished-at="2014-04-18T15:02:47Z">
          <reporter-output>
          </reporter-output>
        </test-method> <!-- openResults -->
        <test-method status="PASS" signature="openMenu()[pri:0, instance:com.theranos.test.theranosios.MenuTest@5e0feb48]" name="openMenu" is-config="true" duration-ms="10622" started-at="2014-04-18T15:02:47Z" finished-at="2014-04-18T15:02:58Z">
          <reporter-output>
          </reporter-output>
        </test-method> <!-- openMenu -->
        <test-method status="PASS" signature="openSettings()[pri:0, instance:com.theranos.test.theranosios.MenuTest@5e0feb48]" name="openSettings" duration-ms="4519" started-at="2014-04-18T15:02:58Z" finished-at="2014-04-18T15:03:02Z">
          <reporter-output>
          </reporter-output>
        </test-method> <!-- openSettings -->
        <test-method status="PASS" signature="afterTest()[pri:0, instance:com.theranos.test.theranosios.MenuTest@5e0feb48]" name="afterTest" is-config="true" duration-ms="0" started-at="2014-04-18T15:03:02Z" finished-at="2014-04-18T15:03:02Z">
          <reporter-output>
          </reporter-output>
        </test-method> <!-- afterTest -->
      </class> <!-- com.theranos.test.theranosios.MenuTest -->
    </test> <!-- Menu Test -->
    <test name="Basic Info Test" duration-ms="158007" started-at="2014-04-18T22:03:02Z" finished-at="2014-04-18T22:05:40Z">
      <class name="com.theranos.test.theranosios.MenuTest">
        <test-method status="PASS" signature="setEnv()[pri:0, instance:com.theranos.test.theranosios.MenuTest@3c3c9217]" name="setEnv" is-config="true" duration-ms="1" started-at="2014-04-18T15:03:02Z" finished-at="2014-04-18T15:03:02Z">
          <reporter-output>
          </reporter-output>
        </test-method> <!-- setEnv -->
        <test-method status="PASS" signature="openMenu()[pri:0, instance:com.theranos.test.theranosios.MenuTest@3c3c9217]" name="openMenu" is-config="true" duration-ms="10682" started-at="2014-04-18T15:03:02Z" finished-at="2014-04-18T15:03:13Z">
          <reporter-output>
          </reporter-output>
        </test-method> <!-- openMenu -->
        <test-method status="PASS" signature="openHome()[pri:0, instance:com.theranos.test.theranosios.MenuTest@3c3c9217]" name="openHome" duration-ms="4579" started-at="2014-04-18T15:03:13Z" finished-at="2014-04-18T15:03:18Z">
          <reporter-output>
          </reporter-output>
        </test-method> <!-- openHome -->
        <test-method status="PASS" signature="openMenu()[pri:0, instance:com.theranos.test.theranosios.MenuTest@3c3c9217]" name="openMenu" is-config="true" duration-ms="10360" started-at="2014-04-18T15:03:18Z" finished-at="2014-04-18T15:03:28Z">
          <reporter-output>
          </reporter-output>
        </test-method> <!-- openMenu -->
        <test-method status="PASS" signature="openProfile()[pri:0, instance:com.theranos.test.theranosios.MenuTest@3c3c9217]" name="openProfile" duration-ms="4522" started-at="2014-04-18T15:03:28Z" finished-at="2014-04-18T15:03:32Z">
          <reporter-output>
          </reporter-output>
        </test-method> <!-- openProfile -->
        <test-method status="PASS" signature="afterTest()[pri:0, instance:com.theranos.test.theranosios.MenuTest@3c3c9217]" name="afterTest" is-config="true" duration-ms="0" started-at="2014-04-18T15:03:32Z" finished-at="2014-04-18T15:03:32Z">
          <reporter-output>
          </reporter-output>
        </test-method> <!-- afterTest -->
      </class> <!-- com.theranos.test.theranosios.MenuTest -->
      <class name="com.theranos.test.theranosios.BasicInfoTest">
        <test-method status="PASS" signature="getOs(java.lang.String)[pri:0, instance:com.theranos.test.theranosios.BasicInfoTest@5f326484]" name="getOs" is-config="true" duration-ms="26" started-at="2014-04-18T15:03:32Z" finished-at="2014-04-18T15:03:32Z">
          <params>
            <param index="0">
              <value>
                <![CDATA[ios]]>
              </value>
            </param>
          </params>
          <reporter-output>
          </reporter-output>
        </test-method> <!-- getOs -->
        <test-method status="PASS" signature="setEnv()[pri:0, instance:com.theranos.test.theranosios.BasicInfoTest@5f326484]" name="setEnv" is-config="true" duration-ms="1" started-at="2014-04-18T15:03:32Z" finished-at="2014-04-18T15:03:32Z">
          <reporter-output>
          </reporter-output>
        </test-method> <!-- setEnv -->
        <test-method status="PASS" signature="openBasicInfo()[pri:0, instance:com.theranos.test.theranosios.BasicInfoTest@5f326484]" name="openBasicInfo" duration-ms="15100" started-at="2014-04-18T15:03:32Z" finished-at="2014-04-18T15:03:48Z">
          <reporter-output>
          </reporter-output>
        </test-method> <!-- openBasicInfo -->
        <test-method status="PASS" signature="getTestData(java.util.Map)[pri:0, instance:com.theranos.test.theranosios.BasicInfoTest@5f326484]" name="getTestData" duration-ms="21" started-at="2014-04-18T15:03:48Z" data-provider="testdata" finished-at="2014-04-18T15:03:48Z">
          <params>
            <param index="0">
              <value>
                <![CDATA[{}]]>
              </value>
            </param>
          </params>
          <reporter-output>
          </reporter-output>
        </test-method> <!-- getTestData -->
        <test-method status="FAIL" signature="provideBasicInfo()[pri:0, instance:com.theranos.test.theranosios.BasicInfoTest@5f326484]" name="provideBasicInfo" duration-ms="110319" started-at="2014-04-18T15:03:48Z" depends-on-methods="com.theranos.test.theranosios.BasicInfoTest.openBasicInfo" finished-at="2014-04-18T15:05:38Z">
          <exception class="java.lang.IndexOutOfBoundsException">
            <message>
              <![CDATA[Index: 18, Size: 17]]>
            </message>
            <full-stacktrace>
              <![CDATA[java.lang.IndexOutOfBoundsException: Index: 18, Size: 17
	at java.util.ArrayList.RangeCheck(ArrayList.java:547)
	at java.util.ArrayList.get(ArrayList.java:322)
	at com.theranos.test.theranosios.BasicInfoTest.checkForBillingAddress(BasicInfoTest.java:517)
	at com.theranos.test.theranosios.BasicInfoTest.provideBasicInfo(BasicInfoTest.java:154)
	at sun.reflect.NativeMethodAccessorImpl.invoke0(Native Method)
	at sun.reflect.NativeMethodAccessorImpl.invoke(NativeMethodAccessorImpl.java:39)
	at sun.reflect.DelegatingMethodAccessorImpl.invoke(DelegatingMethodAccessorImpl.java:25)
	at java.lang.reflect.Method.invoke(Method.java:597)
	at org.testng.internal.MethodInvocationHelper.invokeMethod(MethodInvocationHelper.java:80)
	at org.testng.internal.Invoker.invokeMethod(Invoker.java:714)
	at org.testng.internal.Invoker.invokeTestMethod(Invoker.java:901)
	at org.testng.internal.Invoker.invokeTestMethods(Invoker.java:1231)
	at org.testng.internal.TestMethodWorker.invokeTestMethods(TestMethodWorker.java:127)
	at org.testng.internal.TestMethodWorker.run(TestMethodWorker.java:111)
	at org.testng.TestRunner.privateRun(TestRunner.java:767)
	at org.testng.TestRunner.run(TestRunner.java:617)
	at org.testng.SuiteRunner.runTest(SuiteRunner.java:334)
	at org.testng.SuiteRunner.runSequentially(SuiteRunner.java:329)
	at org.testng.SuiteRunner.privateRun(SuiteRunner.java:291)
	at org.testng.SuiteRunner.run(SuiteRunner.java:240)
	at org.testng.SuiteRunnerWorker.runSuite(SuiteRunnerWorker.java:52)
	at org.testng.SuiteRunnerWorker.run(SuiteRunnerWorker.java:86)
	at org.testng.TestNG.runSuitesSequentially(TestNG.java:1198)
	at org.testng.TestNG.runSuitesLocally(TestNG.java:1123)
	at org.testng.TestNG.run(TestNG.java:1031)
	at org.apache.maven.surefire.testng.TestNGExecutor.run(TestNGExecutor.java:178)
	at org.apache.maven.surefire.testng.TestNGXmlTestSuite.execute(TestNGXmlTestSuite.java:92)
	at org.apache.maven.surefire.testng.TestNGProvider.invoke(TestNGProvider.java:96)
	at sun.reflect.NativeMethodAccessorImpl.invoke0(Native Method)
	at sun.reflect.NativeMethodAccessorImpl.invoke(NativeMethodAccessorImpl.java:39)
	at sun.reflect.DelegatingMethodAccessorImpl.invoke(DelegatingMethodAccessorImpl.java:25)
	at java.lang.reflect.Method.invoke(Method.java:597)
	at org.apache.maven.surefire.util.ReflectionUtils.invokeMethodWithArray2(ReflectionUtils.java:208)
	at org.apache.maven.surefire.booter.ProviderFactory$ProviderProxy.invoke(ProviderFactory.java:159)
	at org.apache.maven.surefire.booter.ProviderFactory.invokeProvider(ProviderFactory.java:87)
	at org.apache.maven.surefire.booter.ForkedBooter.runSuitesInProcess(ForkedBooter.java:153)
	at org.apache.maven.surefire.booter.ForkedBooter.main(ForkedBooter.java:95)
]]>
            </full-stacktrace>
          </exception> <!-- java.lang.IndexOutOfBoundsException -->
          <reporter-output>
          </reporter-output>
        </test-method> <!-- provideBasicInfo -->
        <test-method status="PASS" signature="afterTest()[pri:0, instance:com.theranos.test.theranosios.BasicInfoTest@5f326484]" name="afterTest" is-config="true" duration-ms="2373" started-at="2014-04-18T15:05:38Z" finished-at="2014-04-18T15:05:40Z">
          <reporter-output>
          </reporter-output>
        </test-method> <!-- afterTest -->
      </class> <!-- com.theranos.test.theranosios.BasicInfoTest -->
    </test> <!-- Basic Info Test -->
    <test name="Insurance" duration-ms="18961" started-at="2014-04-18T22:05:40Z" finished-at="2014-04-18T22:05:59Z">
      <class name="com.theranos.test.theranosios.InsuranceTest">
        <test-method status="PASS" signature="setEnv()[pri:0, instance:com.theranos.test.theranosios.InsuranceTest@7dce784b]" name="setEnv" is-config="true" duration-ms="0" started-at="2014-04-18T15:05:40Z" finished-at="2014-04-18T15:05:40Z">
          <reporter-output>
          </reporter-output>
        </test-method> <!-- setEnv -->
        <test-method status="PASS" signature="getOS(java.lang.String)[pri:0, instance:com.theranos.test.theranosios.InsuranceTest@7dce784b]" name="getOS" is-config="true" duration-ms="0" started-at="2014-04-18T15:05:40Z" finished-at="2014-04-18T15:05:40Z">
          <params>
            <param index="0">
              <value>
                <![CDATA[ios]]>
              </value>
            </param>
          </params>
          <reporter-output>
          </reporter-output>
        </test-method> <!-- getOS -->
        <test-method status="PASS" signature="getTestData(java.util.Map)[pri:0, instance:com.theranos.test.theranosios.InsuranceTest@7dce784b]" name="getTestData" duration-ms="18" started-at="2014-04-18T15:05:40Z" data-provider="testdata" finished-at="2014-04-18T15:05:40Z">
          <params>
            <param index="0">
              <value>
                <![CDATA[{}]]>
              </value>
            </param>
          </params>
          <reporter-output>
          </reporter-output>
        </test-method> <!-- getTestData -->
        <test-method status="PASS" signature="openInsurancePage()[pri:0, instance:com.theranos.test.theranosios.InsuranceTest@7dce784b]" name="openInsurancePage" duration-ms="16544" started-at="2014-04-18T15:05:40Z" finished-at="2014-04-18T15:05:57Z">
          <reporter-output>
          </reporter-output>
        </test-method> <!-- openInsurancePage -->
        <test-method status="PASS" signature="afterTest()[pri:0, instance:com.theranos.test.theranosios.InsuranceTest@7dce784b]" name="afterTest" is-config="true" duration-ms="2397" started-at="2014-04-18T15:05:57Z" finished-at="2014-04-18T15:05:59Z">
          <reporter-output>
          </reporter-output>
        </test-method> <!-- afterTest -->
      </class> <!-- com.theranos.test.theranosios.InsuranceTest -->
      <class name="com.theranos.test.theranosios.base.SetUpTest">
        <test-method status="PASS" signature="getDevice(java.lang.String)[pri:0, instance:com.theranos.test.theranosios.base.SetUpTest@2e273686]" name="getDevice" is-config="true" duration-ms="10" started-at="2014-04-18T14:59:39Z" finished-at="2014-04-18T14:59:39Z">
          <params>
            <param index="0">
              <value>
                <![CDATA[ios]]>
              </value>
            </param>
          </params>
          <reporter-output>
          </reporter-output>
        </test-method> <!-- getDevice -->
        <test-method status="PASS" signature="environmentSetUp()[pri:0, instance:com.theranos.test.theranosios.base.SetUpTest@2e273686]" name="environmentSetUp" is-config="true" duration-ms="31807" started-at="2014-04-18T14:59:39Z" depends-on-methods="com.theranos.test.theranosios.base.SetUpTest.getDevice" finished-at="2014-04-18T15:00:11Z">
          <reporter-output>
          </reporter-output>
        </test-method> <!-- environmentSetUp -->
        <test-method status="PASS" signature="readTestSuite()[pri:0, instance:com.theranos.test.theranosios.base.TestRunner@97494c8]" name="readTestSuite" is-config="true" duration-ms="263" started-at="2014-04-18T15:00:11Z" finished-at="2014-04-18T15:00:11Z">
          <reporter-output>
          </reporter-output>
        </test-method> <!-- readTestSuite -->
        <test-method status="PASS" signature="readAllTestCases()[pri:0, instance:com.theranos.test.theranosios.base.TestRunner@97494c8]" name="readAllTestCases" is-config="true" duration-ms="43" started-at="2014-04-18T15:00:11Z" depends-on-methods="com.theranos.test.theranosios.base.TestRunner.readTestSuite" finished-at="2014-04-18T15:00:12Z">
          <reporter-output>
          </reporter-output>
        </test-method> <!-- readAllTestCases -->
        <test-method status="PASS" signature="tearDown()[pri:0, instance:com.theranos.test.theranosios.base.SetUpTest@2e273686]" name="tearDown" is-config="true" duration-ms="982" started-at="2014-04-18T15:05:59Z" finished-at="2014-04-18T15:06:00Z">
          <reporter-output>
          </reporter-output>
        </test-method> <!-- tearDown -->
      </class> <!-- com.theranos.test.theranosios.base.SetUpTest -->
    </test> <!-- Insurance -->
  </suite> <!-- TheranosTestSuite -->
</testng-results>
