<?xml version="1.0" encoding="UTF-8"?>
<testng-results skipped="1" failed="1" total="3" passed="1">
  <reporter-output>
  </reporter-output>
  <suite name="Default suite" duration-ms="347" started-at="2014-03-06T03:55:20Z" finished-at="2014-03-06T03:55:20Z">
    <groups>
    </groups>
    <test name="Default test" duration-ms="347" started-at="2014-03-06T03:55:20Z" finished-at="2014-03-06T03:55:20Z">
      <class name="com.theranos.test.theranosios.LoginTest">
        <test-method status="PASS" signature="getTestData(java.util.ArrayList)[pri:0, instance:com.theranos.test.theranosios.LoginTest@64633e5e]" name="getTestData" duration-ms="306" started-at="2014-03-05T19:55:20Z" data-provider="testdata" finished-at="2014-03-05T19:55:20Z">
          <params>
            <param index="0">
              <value>
                <![CDATA[[]]]>
              </value>
            </param>
          </params>
          <reporter-output>
          </reporter-output>
        </test-method> <!-- getTestData -->
        <test-method status="FAIL" signature="logInOption()[pri:0, instance:com.theranos.test.theranosios.LoginTest@64633e5e]" name="logInOption" duration-ms="10" started-at="2014-03-05T19:55:20Z" finished-at="2014-03-05T19:55:20Z">
          <exception class="java.lang.NullPointerException">
            <full-stacktrace>
              <![CDATA[java.lang.NullPointerException
	at com.theranos.test.theranosios.LoginTest.logInOption(LoginTest.java:64)
	at sun.reflect.NativeMethodAccessorImpl.invoke0(Native Method)
	at sun.reflect.NativeMethodAccessorImpl.invoke(NativeMethodAccessorImpl.java:39)
	at sun.reflect.DelegatingMethodAccessorImpl.invoke(DelegatingMethodAccessorImpl.java:25)
	at java.lang.reflect.Method.invoke(Method.java:597)
	at org.testng.internal.MethodInvocationHelper.invokeMethod(MethodInvocationHelper.java:84)
	at org.testng.internal.Invoker.invokeMethod(Invoker.java:714)
	at org.testng.internal.Invoker.invokeTestMethod(Invoker.java:901)
	at org.testng.internal.Invoker.invokeTestMethods(Invoker.java:1231)
	at org.testng.internal.TestMethodWorker.invokeTestMethods(TestMethodWorker.java:127)
	at org.testng.internal.TestMethodWorker.run(TestMethodWorker.java:111)
	at org.testng.TestRunner.privateRun(TestRunner.java:767)
	at org.testng.TestRunner.run(TestRunner.java:617)
	at org.testng.SuiteRunner.runTest(SuiteRunner.java:334)
	at org.testng.SuiteRunner.runSequentially(SuiteRunner.java:329)
	at org.testng.SuiteRunner.privateRun(SuiteRunner.java:291)
	at org.testng.SuiteRunner.run(SuiteRunner.java:240)
	at org.testng.SuiteRunnerWorker.runSuite(SuiteRunnerWorker.java:52)
	at org.testng.SuiteRunnerWorker.run(SuiteRunnerWorker.java:86)
	at org.testng.TestNG.runSuitesSequentially(TestNG.java:1224)
	at org.testng.TestNG.runSuitesLocally(TestNG.java:1149)
	at org.testng.TestNG.run(TestNG.java:1057)
	at org.testng.remote.RemoteTestNG.run(RemoteTestNG.java:111)
	at org.testng.remote.RemoteTestNG.initAndRun(RemoteTestNG.java:204)
	at org.testng.remote.RemoteTestNG.main(RemoteTestNG.java:175)
]]>
            </full-stacktrace>
          </exception> <!-- java.lang.NullPointerException -->
          <reporter-output>
          </reporter-output>
        </test-method> <!-- logInOption -->
        <test-method status="SKIP" signature="testLoginpage()[pri:0, instance:com.theranos.test.theranosios.LoginTest@64633e5e]" name="testLoginpage" duration-ms="1" started-at="2014-03-05T19:55:20Z" depends-on-methods="com.theranos.test.theranosios.LoginTest.getTestData, com.theranos.test.theranosios.LoginTest.logInOption" finished-at="2014-03-05T19:55:20Z">
          <reporter-output>
          </reporter-output>
        </test-method> <!-- testLoginpage -->
        <test-method status="PASS" signature="afterTest()[pri:0, instance:com.theranos.test.theranosios.LoginTest@64633e5e]" name="afterTest" is-config="true" duration-ms="1" started-at="2014-03-05T19:55:20Z" finished-at="2014-03-05T19:55:20Z">
          <reporter-output>
          </reporter-output>
        </test-method> <!-- afterTest -->
      </class> <!-- com.theranos.test.theranosios.LoginTest -->
    </test> <!-- Default test -->
  </suite> <!-- Default suite -->
</testng-results>
