<?xml version="1.0" encoding="UTF-8"?>
<!-- Generated by org.testng.reporters.JUnitXMLReporter -->
<testsuite hostname="wm0229pa.theranos.local" name="Default test" tests="21" failures="0" timestamp="3 Apr 2014 18:23:27 GMT" time="0.114" errors="0">
  <testcase name="@BeforeSuite getDevice" time="0.0" classname="com.theranos.test.theranosios.base.SetUpTest">
    <failure type="org.testng.TestNGException" message="
Parameter &amp;apos;device&amp;apos; is required by @Configuration on method getDevice but has not been marked @Optional or defined
in /private/var/folders/rd/d_5ss7j11ng8kk2k4cjyprjm0000gp/T/testng-eclipse-1866437451/testng-customsuite.xml">
      <![CDATA[org.testng.TestNGException: 
Parameter 'device' is required by @Configuration on method getDevice but has not been marked @Optional or defined
in /private/var/folders/rd/d_5ss7j11ng8kk2k4cjyprjm0000gp/T/testng-eclipse-1866437451/testng-customsuite.xml
	at org.testng.internal.Parameters.createParameters(Parameters.java:155)
	at org.testng.internal.Parameters.createParameters(Parameters.java:358)
	at org.testng.internal.Parameters.createConfigurationParameters(Parameters.java:86)
	at org.testng.internal.Invoker.invokeConfigurations(Invoker.java:199)
	at org.testng.internal.Invoker.invokeConfigurations(Invoker.java:138)
	at org.testng.SuiteRunner.privateRun(SuiteRunner.java:277)
	at org.testng.SuiteRunner.run(SuiteRunner.java:240)
	at org.testng.SuiteRunnerWorker.runSuite(SuiteRunnerWorker.java:52)
	at org.testng.SuiteRunnerWorker.run(SuiteRunnerWorker.java:86)
	at org.testng.TestNG.runSuitesSequentially(TestNG.java:1224)
	at org.testng.TestNG.runSuitesLocally(TestNG.java:1149)
	at org.testng.TestNG.run(TestNG.java:1057)
	at org.testng.remote.RemoteTestNG.run(RemoteTestNG.java:111)
	at org.testng.remote.RemoteTestNG.initAndRun(RemoteTestNG.java:204)
	at org.testng.remote.RemoteTestNG.main(RemoteTestNG.java:175)
]]>
    </failure>
  </testcase> <!-- @BeforeSuite getDevice -->
  <testcase name="@BeforeSuite environmentSetUp" time="0.0" classname="com.theranos.test.theranosios.base.SetUpTest">
    <skipped/>
  </testcase> <!-- @BeforeSuite environmentSetUp -->
  <testcase name="@BeforeSuite readTestSuite" time="0.0" classname="com.theranos.test.theranosios.base.SetUpTest">
    <skipped/>
  </testcase> <!-- @BeforeSuite readTestSuite -->
  <testcase name="@BeforeSuite readAllTestCases" time="0.0" classname="com.theranos.test.theranosios.base.SetUpTest">
    <skipped/>
  </testcase> <!-- @BeforeSuite readAllTestCases -->
  <testcase name="@BeforeClass setEnv" time="0.0" classname="com.theranos.test.theranosios.LoginTest">
    <skipped/>
  </testcase> <!-- @BeforeClass setEnv -->
  <testcase name="@AfterClass afterTest" time="0.0" classname="com.theranos.test.theranosios.LoginTest">
    <skipped/>
  </testcase> <!-- @AfterClass afterTest -->
  <testcase name="@BeforeClass getOs" time="0.0" classname="com.theranos.test.theranosios.BasicInfoTest">
    <skipped/>
  </testcase> <!-- @BeforeClass getOs -->
  <testcase name="@BeforeClass setEnv" time="0.0" classname="com.theranos.test.theranosios.BasicInfoTest">
    <skipped/>
  </testcase> <!-- @BeforeClass setEnv -->
  <testcase name="@BeforeClass getOS" time="0.0" classname="com.theranos.test.theranosios.InsuranceTest">
    <skipped/>
  </testcase> <!-- @BeforeClass getOS -->
  <testcase name="@BeforeClass setEnv" time="0.0" classname="com.theranos.test.theranosios.InsuranceTest">
    <skipped/>
  </testcase> <!-- @BeforeClass setEnv -->
  <testcase name="@AfterClass afterTest" time="0.0" classname="com.theranos.test.theranosios.InsuranceTest">
    <skipped/>
  </testcase> <!-- @AfterClass afterTest -->
  <testcase name="@AfterClass afterTest" time="0.0" classname="com.theranos.test.theranosios.BasicInfoTest">
    <skipped/>
  </testcase> <!-- @AfterClass afterTest -->
  <testcase name="@BeforeClass setEnv" time="0.0" classname="com.theranos.test.theranosios.MenuTest">
    <skipped/>
  </testcase> <!-- @BeforeClass setEnv -->
  <testcase name="@BeforeMethod openMenu" time="0.0" classname="com.theranos.test.theranosios.MenuTest">
    <skipped/>
  </testcase> <!-- @BeforeMethod openMenu -->
  <testcase name="@BeforeMethod openMenu" time="0.0" classname="com.theranos.test.theranosios.MenuTest">
    <skipped/>
  </testcase> <!-- @BeforeMethod openMenu -->
  <testcase name="@BeforeMethod openMenu" time="0.0" classname="com.theranos.test.theranosios.MenuTest">
    <skipped/>
  </testcase> <!-- @BeforeMethod openMenu -->
  <testcase name="@BeforeMethod openMenu" time="0.0" classname="com.theranos.test.theranosios.MenuTest">
    <skipped/>
  </testcase> <!-- @BeforeMethod openMenu -->
  <testcase name="@BeforeMethod openMenu" time="0.0" classname="com.theranos.test.theranosios.MenuTest">
    <skipped/>
  </testcase> <!-- @BeforeMethod openMenu -->
  <testcase name="@BeforeMethod openMenu" time="0.0" classname="com.theranos.test.theranosios.MenuTest">
    <skipped/>
  </testcase> <!-- @BeforeMethod openMenu -->
  <testcase name="@BeforeMethod openMenu" time="0.0" classname="com.theranos.test.theranosios.MenuTest">
    <skipped/>
  </testcase> <!-- @BeforeMethod openMenu -->
  <testcase name="@AfterClass afterTest" time="0.0" classname="com.theranos.test.theranosios.MenuTest">
    <skipped/>
  </testcase> <!-- @AfterClass afterTest -->
  <testcase name="@BeforeClass setEnv" time="0.0" classname="com.theranos.test.theranosios.PassCodeTest">
    <skipped/>
  </testcase> <!-- @BeforeClass setEnv -->
  <testcase name="@AfterClass afterTest" time="0.0" classname="com.theranos.test.theranosios.PassCodeTest">
    <skipped/>
  </testcase> <!-- @AfterClass afterTest -->
  <testcase name="getTestData" time="0.0050" classname="com.theranos.test.theranosios.LoginTest">
    <skipped/>
  </testcase> <!-- getTestData -->
  <testcase name="logInOption" time="0.0010" classname="com.theranos.test.theranosios.LoginTest">
    <skipped/>
  </testcase> <!-- logInOption -->
  <testcase name="getLogLocation" time="0.0" classname="com.theranos.test.theranosios.base.SetUpTest">
    <skipped/>
  </testcase> <!-- getLogLocation -->
  <testcase name="testLoginpage" time="0.0010" classname="com.theranos.test.theranosios.LoginTest">
    <skipped/>
  </testcase> <!-- testLoginpage -->
  <testcase name="getTestData" time="0.0010" classname="com.theranos.test.theranosios.BasicInfoTest">
    <skipped/>
  </testcase> <!-- getTestData -->
  <testcase name="openBasicInfo" time="0.0010" classname="com.theranos.test.theranosios.BasicInfoTest">
    <skipped/>
  </testcase> <!-- openBasicInfo -->
  <testcase name="getTestData" time="0.0" classname="com.theranos.test.theranosios.InsuranceTest">
    <skipped/>
  </testcase> <!-- getTestData -->
  <testcase name="openInsurancePage" time="0.0010" classname="com.theranos.test.theranosios.InsuranceTest">
    <skipped/>
  </testcase> <!-- openInsurancePage -->
  <testcase name="provideBasicInfo" time="0.0010" classname="com.theranos.test.theranosios.BasicInfoTest">
    <skipped/>
  </testcase> <!-- provideBasicInfo -->
  <testcase name="openAbout" time="0.0010" classname="com.theranos.test.theranosios.MenuTest">
    <skipped/>
  </testcase> <!-- openAbout -->
  <testcase name="openAppointments" time="0.0010" classname="com.theranos.test.theranosios.MenuTest">
    <skipped/>
  </testcase> <!-- openAppointments -->
  <testcase name="openHome" time="0.0010" classname="com.theranos.test.theranosios.MenuTest">
    <skipped/>
  </testcase> <!-- openHome -->
  <testcase name="openLabOrders" time="0.0010" classname="com.theranos.test.theranosios.MenuTest">
    <skipped/>
  </testcase> <!-- openLabOrders -->
  <testcase name="openLocations" time="0.0" classname="com.theranos.test.theranosios.MenuTest">
    <skipped/>
  </testcase> <!-- openLocations -->
  <testcase name="openProfile" time="0.0" classname="com.theranos.test.theranosios.MenuTest">
    <skipped/>
  </testcase> <!-- openProfile -->
  <testcase name="openResults" time="0.0" classname="com.theranos.test.theranosios.MenuTest">
    <skipped/>
  </testcase> <!-- openResults -->
  <testcase name="openSettings" time="0.0" classname="com.theranos.test.theranosios.MenuTest">
    <skipped/>
  </testcase> <!-- openSettings -->
  <testcase name="resetPasscodeTest" time="0.0" classname="com.theranos.test.theranosios.PassCodeTest">
    <skipped/>
  </testcase> <!-- resetPasscodeTest -->
  <testcase name="providePasscodeTest" time="0.0010" classname="com.theranos.test.theranosios.PassCodeTest">
    <skipped/>
  </testcase> <!-- providePasscodeTest -->
  <testcase name="getTestData" time="0.0010" classname="com.theranos.test.theranosios.PassCodeTest">
    <skipped/>
  </testcase> <!-- getTestData -->
  <testcase name="clearPasscodeTest" time="0.0010" classname="com.theranos.test.theranosios.PassCodeTest">
    <skipped/>
  </testcase> <!-- clearPasscodeTest -->
</testsuite> <!-- Default test -->
