<?xml version="1.0" encoding="UTF-8"?>
<!-- Generated by org.testng.reporters.JUnitXMLReporter -->
<testsuite hostname="wm0229pa.theranos.local" name="Basic Info Test" tests="5" failures="0" timestamp="21 Apr 2014 14:20:28 GMT" time="275.787" errors="0">
  <testcase name="openHome" time="4.411" classname="com.theranos.test.theranosios.MenuTest"/>
  <testcase name="openProfile" time="4.316" classname="com.theranos.test.theranosios.MenuTest"/>
  <testcase name="openBasicInfo" time="14.67" classname="com.theranos.test.theranosios.BasicInfoTest"/>
  <testcase name="getTestData" time="0.02" classname="com.theranos.test.theranosios.BasicInfoTest"/>
  <testcase name="provideBasicInfo" time="229.825" classname="com.theranos.test.theranosios.BasicInfoTest"/>
</testsuite> <!-- Basic Info Test -->
