<?xml version="1.0" encoding="UTF-8"?>
<!-- Generated by org.testng.reporters.JUnitXMLReporter -->
<testsuite hostname="wm0229pa.theranos.local" name="Insurance" tests="4" failures="0" timestamp="21 Apr 2014 14:29:21 GMT" time="532.997" errors="0">
  <testcase name="addNewInsurance" time="25.606" classname="com.theranos.test.theranosios.InsuranceTest"/>
  <testcase name="getTestData" time="0.024" classname="com.theranos.test.theranosios.InsuranceTest"/>
  <testcase name="addInsuranceInfo" time="20.706" classname="com.theranos.test.theranosios.InsuranceTest"/>
  <testcase name="enterInsuranceInfo" time="411.579" classname="com.theranos.test.theranosios.InsuranceTest"/>
</testsuite> <!-- Insurance -->
