<?xml version="1.0" encoding="UTF-8"?>
<!-- Generated by org.testng.reporters.JUnitXMLReporter -->
<testsuite hostname="wm0229pa.theranos.local" name="Login Test" tests="4" failures="0" timestamp="18 Apr 2014 23:27:47 GMT" time="44.727" errors="0">
  <testcase name="getLogLocation" time="0.0010" classname="com.theranos.test.theranosios.base.SetUpTest"/>
  <testcase name="getTestData" time="0.019" classname="com.theranos.test.theranosios.LoginTest"/>
  <testcase name="logInOption" time="14.667" classname="com.theranos.test.theranosios.LoginTest"/>
  <testcase name="testLoginpage" time="30.029" classname="com.theranos.test.theranosios.LoginTest"/>
</testsuite> <!-- Login Test -->
