<?xml version="1.0" encoding="UTF-8"?>
<!-- Generated by org.testng.reporters.JUnitXMLReporter -->
<testsuite hostname="wm0229pa.theranos.local" name="Login Test" tests="4" failures="0" timestamp="21 Apr 2014 14:15:40 GMT" time="43.952" errors="0">
  <testcase name="getLogLocation" time="0.0010" classname="com.theranos.test.theranosios.base.SetUpTest"/>
  <testcase name="getTestData" time="0.031" classname="com.theranos.test.theranosios.LoginTest"/>
  <testcase name="logInOption" time="14.416" classname="com.theranos.test.theranosios.LoginTest"/>
  <testcase name="testLoginpage" time="29.493" classname="com.theranos.test.theranosios.LoginTest"/>
</testsuite> <!-- Login Test -->
