<?xml version="1.0" encoding="UTF-8"?>
<!-- Generated by org.testng.reporters.JUnitXMLReporter -->
<testsuite hostname="wm0229pa.theranos.local" name="Menu Test" tests="8" failures="0" timestamp="18 Apr 2014 22:03:02 GMT" time="126.942" errors="0">
  <testcase name="openAbout" time="0.0010" classname="com.theranos.test.theranosios.MenuTest"/>
  <testcase name="openAppointments" time="4.537" classname="com.theranos.test.theranosios.MenuTest"/>
  <testcase name="openHome" time="4.517" classname="com.theranos.test.theranosios.MenuTest"/>
  <testcase name="openLabOrders" time="4.514" classname="com.theranos.test.theranosios.MenuTest"/>
  <testcase name="openLocations" time="4.514" classname="com.theranos.test.theranosios.MenuTest"/>
  <testcase name="openProfile" time="4.521" classname="com.theranos.test.theranosios.MenuTest"/>
  <testcase name="openResults" time="4.577" classname="com.theranos.test.theranosios.MenuTest"/>
  <testcase name="openSettings" time="4.519" classname="com.theranos.test.theranosios.MenuTest"/>
</testsuite> <!-- Menu Test -->
